==7578== Memcheck, a memory error detector
==7578== Copyright (C) 2002-2017, and GNU GPL'd, by Julian Seward et al.
==7578== Using Valgrind-3.13.0 and LibVEX; rerun with -h for copyright info
==7578== Command: ./gps-sim -E -v --use-ftp --radio hackrf
==7578== Parent PID: 4160
==7578== 
==7578== Thread 4 gps-thread:
==7578== Use of uninitialised value of size 8
==7578==    at 0x1173D5: generateNavMsg (gps-core.c:1448)
==7578==    by 0x117B37: allocateChannel (gps-core.c:1569)
==7578==    by 0x119DB5: gps_thread_ep (gps-core.c:2178)
==7578==    by 0x51E36DA: start_thread (pthread_create.c:463)
==7578==    by 0x641A61E: clone (clone.S:95)
==7578== 
==7578== Use of uninitialised value of size 8
==7578==    at 0x11754A: generateNavMsg (gps-core.c:1482)
==7578==    by 0x117B37: allocateChannel (gps-core.c:1569)
==7578==    by 0x119DB5: gps_thread_ep (gps-core.c:2178)
==7578==    by 0x51E36DA: start_thread (pthread_create.c:463)
==7578==    by 0x641A61E: clone (clone.S:95)
==7578== 
==7578== Use of uninitialised value of size 8
==7578==    at 0x117586: generateNavMsg (gps-core.c:1484)
==7578==    by 0x117B37: allocateChannel (gps-core.c:1569)
==7578==    by 0x119DB5: gps_thread_ep (gps-core.c:2178)
==7578==    by 0x51E36DA: start_thread (pthread_create.c:463)
==7578==    by 0x641A61E: clone (clone.S:95)
==7578== 
==7578== Conditional jump or move depends on uninitialised value(s)
==7578==    at 0x11768A: generateNavMsg (gps-core.c:1505)
==7578==    by 0x117B37: allocateChannel (gps-core.c:1569)
==7578==    by 0x119DB5: gps_thread_ep (gps-core.c:2178)
==7578==    by 0x51E36DA: start_thread (pthread_create.c:463)
==7578==    by 0x641A61E: clone (clone.S:95)
==7578== 
==7578== Thread 1:
==7578== Syscall param ioctl(USBDEVFS_SUBMITURB).buffer points to uninitialised byte(s)
==7578==    at 0x640F217: ioctl (syscall-template.S:78)
==7578==    by 0x7F69205: ??? (in /lib/x86_64-linux-gnu/libusb-1.0.so.0.1.0)
==7578==    by 0x7F65A29: libusb_submit_transfer (in /lib/x86_64-linux-gnu/libusb-1.0.so.0.1.0)
==7578==    by 0x60F5058: ??? (in /usr/lib/x86_64-linux-gnu/libhackrf.so.0.5.0)
==7578==    by 0x12B1D6: sdr_hackrf_run (sdr_hackrf.c:258)
==7578==    by 0x128B37: sdr_run (sdr.c:100)
==7578==    by 0x129CF3: main (gps-sim.c:491)
==7578==  Address 0xc458d40 is 64 bytes inside a block of size 1,048,640 alloc'd
==7578==    at 0x4C31B0F: malloc (in /usr/lib/valgrind/vgpreload_memcheck-amd64-linux.so)
==7578==    by 0x60F5182: ??? (in /usr/lib/x86_64-linux-gnu/libhackrf.so.0.5.0)
==7578==    by 0x60F590B: hackrf_device_list_open (in /usr/lib/x86_64-linux-gnu/libhackrf.so.0.5.0)
==7578==    by 0x12A6B7: sdr_hackrf_init (sdr_hackrf.c:73)
==7578==    by 0x128B0A: sdr_init (sdr.c:92)
==7578==    by 0x1299D6: main (gps-sim.c:436)
==7578== 
==7578== Thread 4 gps-thread:
==7578== Use of uninitialised value of size 8
==7578==    at 0x11754A: generateNavMsg (gps-core.c:1482)
==7578==    by 0x11B06C: gps_thread_ep (gps-core.c:2405)
==7578==    by 0x51E36DA: start_thread (pthread_create.c:463)
==7578==    by 0x641A61E: clone (clone.S:95)
==7578== 
==7578== Use of uninitialised value of size 8
==7578==    at 0x117586: generateNavMsg (gps-core.c:1484)
==7578==    by 0x11B06C: gps_thread_ep (gps-core.c:2405)
==7578==    by 0x51E36DA: start_thread (pthread_create.c:463)
==7578==    by 0x641A61E: clone (clone.S:95)
==7578== 
==7578== Conditional jump or move depends on uninitialised value(s)
==7578==    at 0x11768A: generateNavMsg (gps-core.c:1505)
==7578==    by 0x11B06C: gps_thread_ep (gps-core.c:2405)
==7578==    by 0x51E36DA: start_thread (pthread_create.c:463)
==7578==    by 0x641A61E: clone (clone.S:95)
==7578== 
==7578== 
==7578== Process terminating with default action of signal 2 (SIGINT)
==7578==    at 0x640DBB9: poll (poll.c:29)
==7578==    by 0x7F6C6FE: ??? (in /lib/x86_64-linux-gnu/libusb-1.0.so.0.1.0)
==7578==    by 0x51E36DA: start_thread (pthread_create.c:463)
==7578==    by 0x641A61E: clone (clone.S:95)
==7578== 
==7578== HEAP SUMMARY:
==7578==     in use at exit: 26,175,541 bytes in 5,753 blocks
==7578==   total heap usage: 65,129 allocs, 59,376 frees, 32,995,204 bytes allocated
==7578== 
==7578== Thread 1:
==7578== 24 bytes in 1 blocks are possibly lost in loss record 482 of 731
==7578==    at 0x4C31B0F: malloc (in /usr/lib/valgrind/vgpreload_memcheck-amd64-linux.so)
==7578==    by 0x7F6738A: ??? (in /lib/x86_64-linux-gnu/libusb-1.0.so.0.1.0)
==7578==    by 0x7F67658: ??? (in /lib/x86_64-linux-gnu/libusb-1.0.so.0.1.0)
==7578==    by 0x7F62CAB: libusb_init (in /lib/x86_64-linux-gnu/libusb-1.0.so.0.1.0)
==7578==    by 0x60F52EF: hackrf_init (in /usr/lib/x86_64-linux-gnu/libhackrf.so.0.5.0)
==7578==    by 0x12A541: sdr_hackrf_init (sdr_hackrf.c:50)
==7578==    by 0x128B0A: sdr_init (sdr.c:92)
==7578==    by 0x1299D6: main (gps-sim.c:436)
==7578== 
==7578== 24 bytes in 1 blocks are possibly lost in loss record 483 of 731
==7578==    at 0x4C31B0F: malloc (in /usr/lib/valgrind/vgpreload_memcheck-amd64-linux.so)
==7578==    by 0x7F6738A: ??? (in /lib/x86_64-linux-gnu/libusb-1.0.so.0.1.0)
==7578==    by 0x7F676BB: ??? (in /lib/x86_64-linux-gnu/libusb-1.0.so.0.1.0)
==7578==    by 0x7F62CAB: libusb_init (in /lib/x86_64-linux-gnu/libusb-1.0.so.0.1.0)
==7578==    by 0x60F52EF: hackrf_init (in /usr/lib/x86_64-linux-gnu/libhackrf.so.0.5.0)
==7578==    by 0x12A541: sdr_hackrf_init (sdr_hackrf.c:50)
==7578==    by 0x128B0A: sdr_init (sdr.c:92)
==7578==    by 0x1299D6: main (gps-sim.c:436)
==7578== 
==7578== 24 bytes in 1 blocks are possibly lost in loss record 484 of 731
==7578==    at 0x4C31B0F: malloc (in /usr/lib/valgrind/vgpreload_memcheck-amd64-linux.so)
==7578==    by 0x7F6738A: ??? (in /lib/x86_64-linux-gnu/libusb-1.0.so.0.1.0)
==7578==    by 0x7F6C3CC: ??? (in /lib/x86_64-linux-gnu/libusb-1.0.so.0.1.0)
==7578==    by 0x7F61F88: libusb_open (in /lib/x86_64-linux-gnu/libusb-1.0.so.0.1.0)
==7578==    by 0x60F58FB: hackrf_device_list_open (in /usr/lib/x86_64-linux-gnu/libhackrf.so.0.5.0)
==7578==    by 0x12A6B7: sdr_hackrf_init (sdr_hackrf.c:73)
==7578==    by 0x128B0A: sdr_init (sdr.c:92)
==7578==    by 0x1299D6: main (gps-sim.c:436)
==7578== 
==7578== 168 bytes in 3 blocks are possibly lost in loss record 595 of 731
==7578==    at 0x4C33B25: calloc (in /usr/lib/valgrind/vgpreload_memcheck-amd64-linux.so)
==7578==    by 0x7F6910D: ??? (in /lib/x86_64-linux-gnu/libusb-1.0.so.0.1.0)
==7578==    by 0x7F65A29: libusb_submit_transfer (in /lib/x86_64-linux-gnu/libusb-1.0.so.0.1.0)
==7578==    by 0x60F4F37: ??? (in /usr/lib/x86_64-linux-gnu/libhackrf.so.0.5.0)
==7578==    by 0x7F66737: ??? (in /lib/x86_64-linux-gnu/libusb-1.0.so.0.1.0)
==7578==    by 0x7F6A89B: ??? (in /lib/x86_64-linux-gnu/libusb-1.0.so.0.1.0)
==7578==    by 0x7F6C2B7: ??? (in /lib/x86_64-linux-gnu/libusb-1.0.so.0.1.0)
==7578==    by 0x7F6624B: ??? (in /lib/x86_64-linux-gnu/libusb-1.0.so.0.1.0)
==7578==    by 0x7F6712F: libusb_handle_events_timeout_completed (in /lib/x86_64-linux-gnu/libusb-1.0.so.0.1.0)
==7578==    by 0x60F4E6F: ??? (in /usr/lib/x86_64-linux-gnu/libhackrf.so.0.5.0)
==7578==    by 0x51E36DA: start_thread (pthread_create.c:463)
==7578==    by 0x641A61E: clone (clone.S:95)
==7578== 
==7578== 304 bytes in 1 blocks are possibly lost in loss record 617 of 731
==7578==    at 0x4C33B25: calloc (in /usr/lib/valgrind/vgpreload_memcheck-amd64-linux.so)
==7578==    by 0x4013646: allocate_dtv (dl-tls.c:286)
==7578==    by 0x4013646: _dl_allocate_tls (dl-tls.c:530)
==7578==    by 0x51E4227: allocate_stack (allocatestack.c:627)
==7578==    by 0x51E4227: pthread_create@@GLIBC_2.2.5 (pthread_create.c:644)
==7578==    by 0x7F6C8D4: ??? (in /lib/x86_64-linux-gnu/libusb-1.0.so.0.1.0)
==7578==    by 0x7F6B694: ??? (in /lib/x86_64-linux-gnu/libusb-1.0.so.0.1.0)
==7578==    by 0x7F62C9C: libusb_init (in /lib/x86_64-linux-gnu/libusb-1.0.so.0.1.0)
==7578==    by 0x60F52EF: hackrf_init (in /usr/lib/x86_64-linux-gnu/libhackrf.so.0.5.0)
==7578==    by 0x12A541: sdr_hackrf_init (sdr_hackrf.c:50)
==7578==    by 0x128B0A: sdr_init (sdr.c:92)
==7578==    by 0x1299D6: main (gps-sim.c:436)
==7578== 
==7578== 304 bytes in 1 blocks are possibly lost in loss record 618 of 731
==7578==    at 0x4C33B25: calloc (in /usr/lib/valgrind/vgpreload_memcheck-amd64-linux.so)
==7578==    by 0x4013646: allocate_dtv (dl-tls.c:286)
==7578==    by 0x4013646: _dl_allocate_tls (dl-tls.c:530)
==7578==    by 0x51E4227: allocate_stack (allocatestack.c:627)
==7578==    by 0x51E4227: pthread_create@@GLIBC_2.2.5 (pthread_create.c:644)
==7578==    by 0x129A25: main (gps-sim.c:443)
==7578== 
==7578== 304 bytes in 1 blocks are possibly lost in loss record 619 of 731
==7578==    at 0x4C33B25: calloc (in /usr/lib/valgrind/vgpreload_memcheck-amd64-linux.so)
==7578==    by 0x4013646: allocate_dtv (dl-tls.c:286)
==7578==    by 0x4013646: _dl_allocate_tls (dl-tls.c:530)
==7578==    by 0x51E4227: allocate_stack (allocatestack.c:627)
==7578==    by 0x51E4227: pthread_create@@GLIBC_2.2.5 (pthread_create.c:644)
==7578==    by 0x129C84: main (gps-sim.c:478)
==7578== 
==7578== 304 bytes in 1 blocks are possibly lost in loss record 620 of 731
==7578==    at 0x4C33B25: calloc (in /usr/lib/valgrind/vgpreload_memcheck-amd64-linux.so)
==7578==    by 0x4013646: allocate_dtv (dl-tls.c:286)
==7578==    by 0x4013646: _dl_allocate_tls (dl-tls.c:530)
==7578==    by 0x51E4227: allocate_stack (allocatestack.c:627)
==7578==    by 0x51E4227: pthread_create@@GLIBC_2.2.5 (pthread_create.c:644)
==7578==    by 0x5440641: ??? (in /usr/lib/x86_64-linux-gnu/libcurl.so.4.5.0)
==7578==    by 0x54436D1: ??? (in /usr/lib/x86_64-linux-gnu/libcurl.so.4.5.0)
==7578==    by 0x5409B42: ??? (in /usr/lib/x86_64-linux-gnu/libcurl.so.4.5.0)
==7578==    by 0x541F04E: ??? (in /usr/lib/x86_64-linux-gnu/libcurl.so.4.5.0)
==7578==    by 0x54307EA: ??? (in /usr/lib/x86_64-linux-gnu/libcurl.so.4.5.0)
==7578==    by 0x5431913: curl_multi_perform (in /usr/lib/x86_64-linux-gnu/libcurl.so.4.5.0)
==7578==    by 0x5427773: curl_easy_perform (in /usr/lib/x86_64-linux-gnu/libcurl.so.4.5.0)
==7578==    by 0x118A6B: gps_thread_ep (gps-core.c:1891)
==7578==    by 0x51E36DA: start_thread (pthread_create.c:463)
==7578== 
==7578== 624 bytes in 3 blocks are possibly lost in loss record 647 of 731
==7578==    at 0x4C33B25: calloc (in /usr/lib/valgrind/vgpreload_memcheck-amd64-linux.so)
==7578==    by 0x7F65821: libusb_alloc_transfer (in /lib/x86_64-linux-gnu/libusb-1.0.so.0.1.0)
==7578==    by 0x60F51E4: ??? (in /usr/lib/x86_64-linux-gnu/libhackrf.so.0.5.0)
==7578==    by 0x60F590B: hackrf_device_list_open (in /usr/lib/x86_64-linux-gnu/libhackrf.so.0.5.0)
==7578==    by 0x12A6B7: sdr_hackrf_init (sdr_hackrf.c:73)
==7578==    by 0x128B0A: sdr_init (sdr.c:92)
==7578==    by 0x1299D6: main (gps-sim.c:436)
==7578== 
==7578== 262,144 bytes in 1 blocks are possibly lost in loss record 726 of 731
==7578==    at 0x4C33B25: calloc (in /usr/lib/valgrind/vgpreload_memcheck-amd64-linux.so)
==7578==    by 0x10C8F0: fifo_create (fifo.c:47)
==7578==    by 0x12B055: sdr_hackrf_init (sdr_hackrf.c:215)
==7578==    by 0x128B0A: sdr_init (sdr.c:92)
==7578==    by 0x1299D6: main (gps-sim.c:436)
==7578== 
==7578== 1,573,088 (224 direct, 1,572,864 indirect) bytes in 7 blocks are definitely lost in loss record 730 of 731
==7578==    at 0x4C33B25: calloc (in /usr/lib/valgrind/vgpreload_memcheck-amd64-linux.so)
==7578==    by 0x10C885: fifo_create (fifo.c:36)
==7578==    by 0x12B055: sdr_hackrf_init (sdr_hackrf.c:215)
==7578==    by 0x128B0A: sdr_init (sdr.c:92)
==7578==    by 0x1299D6: main (gps-sim.c:436)
==7578== 
==7578== LEAK SUMMARY:
==7578==    definitely lost: 224 bytes in 7 blocks
==7578==    indirectly lost: 1,572,864 bytes in 6 blocks
==7578==      possibly lost: 264,224 bytes in 14 blocks
==7578==    still reachable: 24,338,229 bytes in 5,726 blocks
==7578==         suppressed: 0 bytes in 0 blocks
==7578== Reachable blocks (those to which a pointer was found) are not shown.
==7578== To see them, rerun with: --leak-check=full --show-leak-kinds=all
==7578== 
==7578== For counts of detected and suppressed errors, rerun with: -v
==7578== Use --track-origins=yes to see where uninitialised values come from
==7578== ERROR SUMMARY: 691 errors from 19 contexts (suppressed: 0 from 0)
